2025-09-24 11:57:23,630 [Worker-5: Loading available Gradle versions] INFO  o.e.b.c.i.u.g.PublishedGradleVersions - Gradle version information cache is not available. Remote download required.
2025-09-24 11:57:55,591 [Worker-12: Importing Maven projects] INFO  o.e.m.c.i.l.LifecycleMappingFactory - Using org.eclipse.m2e.jdt.JarLifecycleMapping lifecycle mapping for MavenProject: com.example:ExpenseTrackerBackend:0.0.1-SNAPSHOT @ C:\CICD-PROJECT\CICD-PROJECT\CICD_BACKEND\ExpenseTrackerBackend\pom.xml.
2025-09-24 11:57:58,551 [Worker-12: Importing Maven projects] INFO  o.e.m.j.i.AbstractJavaProjectConfigurator - Adding source folder /ExpenseTrackerBackend/src/main/java
2025-09-24 11:57:58,554 [Worker-12: Importing Maven projects] INFO  o.e.m.j.i.AbstractJavaProjectConfigurator - Adding resource folder /ExpenseTrackerBackend/src/main/resources
2025-09-24 11:57:58,572 [Worker-12: Importing Maven projects] INFO  o.e.m.j.i.AbstractJavaProjectConfigurator - Adding resource folder /ExpenseTrackerBackend/src/main/resources
2025-09-24 11:57:58,594 [Worker-12: Importing Maven projects] INFO  o.e.m.j.i.AbstractJavaProjectConfigurator - Adding source folder /ExpenseTrackerBackend/src/test/java
2025-09-24 11:57:58,596 [Worker-12: Importing Maven projects] INFO  o.e.m.j.i.AbstractJavaProjectConfigurator - Adding resource folder /ExpenseTrackerBackend/src/test/resources
2025-09-24 11:58:00,199 [Worker-12: Importing Maven projects] INFO  o.e.m.c.i.p.ProjectConfigurationManager - Imported and configured 1 project(s) in 7 sec
2025-09-24 11:58:03,734 [Worker-5: Building] INFO  o.a.m.s.f.DefaultMavenResourcesFiltering - Copying 1 resource from src\main\resources to target\classes
2025-09-24 11:58:03,794 [Worker-5: Building] INFO  o.a.m.s.f.DefaultMavenResourcesFiltering - Copying 0 resource from src\main\resources to target\classes
2025-09-24 11:58:03,807 [Worker-5: Building] INFO  o.a.m.s.f.DefaultMavenResourcesFiltering - skip non existing resourceDirectory C:\CICD-PROJECT\CICD-PROJECT\CICD_BACKEND\ExpenseTrackerBackend\src\test\resources
2025-09-24 13:25:22,635 [Worker-3: Loading available Gradle versions] INFO  o.e.b.c.i.u.g.PublishedGradleVersions - Gradle version information cache is up-to-date. Trying to read.
2025-09-24 13:39:40,734 [Worker-7: Loading available Gradle versions] INFO  o.e.b.c.i.u.g.PublishedGradleVersions - Gradle version information cache is up-to-date. Trying to read.
2025-09-24 13:40:23,981 [Worker-0: Launching ExpenseTrackerBackend - ExpenseTrackerBackendApplication] INFO  o.a.m.s.f.DefaultMavenResourcesFiltering - Copying 1 resource from src\main\resources to target\classes
2025-09-24 13:40:24,003 [Worker-0: Launching ExpenseTrackerBackend - ExpenseTrackerBackendApplication] INFO  o.a.m.s.f.DefaultMavenResourcesFiltering - Copying 0 resource from src\main\resources to target\classes
2025-09-24 13:40:24,010 [Worker-0: Launching ExpenseTrackerBackend - ExpenseTrackerBackendApplication] INFO  o.a.m.s.f.DefaultMavenResourcesFiltering - skip non existing resourceDirectory C:\CICD-PROJECT\CICD-PROJECT\CICD_BACKEND\ExpenseTrackerBackend\src\test\resources
2025-09-24 14:02:11,112 [Worker-7: Loading available Gradle versions] INFO  o.e.b.c.i.u.g.PublishedGradleVersions - Gradle version information cache is up-to-date. Trying to read.
2025-09-24 20:26:02,652 [Worker-1: Loading available Gradle versions] INFO  o.e.b.c.i.u.g.PublishedGradleVersions - Gradle version information cache is up-to-date. Trying to read.
2025-09-24 20:28:57,145 [Worker-2: Launching ExpenseTrackerBackend - ExpenseTrackerBackendApplication] INFO  o.a.m.s.f.DefaultMavenResourcesFiltering - Copying 1 resource from src\main\resources to target\classes
2025-09-24 20:28:57,377 [Worker-2: Launching ExpenseTrackerBackend - ExpenseTrackerBackendApplication] INFO  o.a.m.s.f.DefaultMavenResourcesFiltering - Copying 0 resource from src\main\resources to target\classes
2025-09-24 20:28:57,394 [Worker-2: Launching ExpenseTrackerBackend - ExpenseTrackerBackendApplication] INFO  o.a.m.s.f.DefaultMavenResourcesFiltering - skip non existing resourceDirectory C:\CICD-PROJECT\CICD-PROJECT\CICD_BACKEND\ExpenseTrackerBackend\src\test\resources
2025-09-25 10:25:31,906 [Worker-5: Loading available Gradle versions] INFO  o.e.b.c.i.u.g.PublishedGradleVersions - Gradle version information cache is up-to-date. Trying to read.
2025-09-25 12:16:59,235 [Worker-6: Loading available Gradle versions] INFO  o.e.b.c.i.u.g.PublishedGradleVersions - Gradle version information cache is out-of-date. Trying to update.
